<?xml version="1.0" encoding="UTF-8"?>
<!-- Generated by org.testng.reporters.JUnitReportReporter -->
<testsuite hostname="LAPTOP-IV3BV7J3" failures="0" tests="3" name="planittesting_testng_automation.TestMain" time="116.081" errors="0" timestamp="2022-10-12T11:05:08 AWST" skipped="0">
  <testcase classname="planittesting_testng_automation.TestMain" name="TestCase1" time="95.770"/>
  <system-out/>
  <testcase classname="planittesting_testng_automation.TestMain" name="TestCase3" time="10.791"/>
  <system-out/>
  <testcase classname="planittesting_testng_automation.TestMain" name="TestCase2" time="9.520"/>
  <system-out/>
</testsuite> <!-- planittesting_testng_automation.TestMain -->
