<?xml version="1.0" encoding="UTF-8"?>
<!-- Generated by org.testng.reporters.JUnitReportReporter -->
<testsuite hostname="LAPTOP-IV3BV7J3" failures="0" tests="2" name="planittesting.TestMain" time="14.936" errors="0" timestamp="2022-10-12T10:38:38 AWST" skipped="0">
  <testcase classname="planittesting.TestMain" name="TestCase2" time="5.749"/>
  <system-out/>
  <testcase classname="planittesting.TestMain" name="TestCase3" time="9.187"/>
  <system-out/>
</testsuite> <!-- planittesting.TestMain -->
