<?xml version="1.0" encoding="UTF-8"?>
<!-- Generated by org.testng.reporters.JUnitReportReporter -->
<testsuite hostname="LAPTOP-IV3BV7J3" failures="0" tests="1" name="planittesting.ValidateContactPageErrors" time="94.464" errors="0" timestamp="2022-10-11T21:27:08 AWST" skipped="0">
  <testcase classname="planittesting.ValidateContactPageErrors" name="execution" time="94.464"/>
  <system-out/>
</testsuite> <!-- planittesting.ValidateContactPageErrors -->
