<?xml version="1.0" encoding="UTF-8"?>
<!-- Generated by org.testng.reporters.JUnitReportReporter -->
<testsuite hostname="LAPTOP-IV3BV7J3" failures="0" tests="1" name="planittesting.VerifyCartItemPrice" time="8.187" errors="0" timestamp="2022-10-11T21:27:08 AWST" skipped="0">
  <testcase classname="planittesting.VerifyCartItemPrice" name="execution" time="8.187"/>
  <system-out/>
</testsuite> <!-- planittesting.VerifyCartItemPrice -->
