<?xml version="1.0" encoding="UTF-8"?>
<!-- Generated by org.testng.reporters.JUnitReportReporter -->
<testsuite hostname="LAPTOP-IV3BV7J3" failures="0" tests="1" name="newpackage.TestNG_Demo" time="96.460" errors="0" timestamp="2022-10-10T18:51:55 AWST" skipped="0">
  <testcase classname="newpackage.TestNG_Demo" name="execution" time="96.460"/>
  <system-out/>
</testsuite> <!-- newpackage.TestNG_Demo -->
